#
# A fatal error has been detected by the Java Runtime Environment:
#
#  EXCEPTION_ACCESS_VIOLATION (0xc0000005) at pc=0x0000000800443908, pid=6600, tid=344
#
# JRE version: OpenJDK Runtime Environment Corretto-17.0.6.10.1 (17.0.6+10) (build 17.0.6+10-LTS)
# Java VM: OpenJDK 64-Bit Server VM Corretto-17.0.6.10.1 (17.0.6+10-LTS, mixed mode, sharing, tiered, compressed oops, compressed class ptrs, g1 gc, windows-amd64)
# Problematic frame:
# C  0x0000000800443908
#
# No core dump will be written. Minidumps are not enabled by default on client versions of Windows
#
# If you would like to submit a bug report, please visit:
#   https://github.com/corretto/corretto-17/issues/
#

---------------  S U M M A R Y ------------

Command Line: --add-opens=java.base/java.util=ALL-UNNAMED --add-opens=java.base/java.lang=ALL-UNNAMED --add-opens=java.base/java.lang.invoke=ALL-UNNAMED --add-opens=java.prefs/java.util.prefs=ALL-UNNAMED --add-opens=java.base/java.nio.charset=ALL-UNNAMED --add-opens=java.base/java.net=ALL-UNNAMED --add-opens=java.base/java.util.concurrent.atomic=ALL-UNNAMED -Xmx2048m -Dfile.encoding=UTF-8 -Duser.country=US -Duser.language=en -Duser.variant org.gradle.launcher.daemon.bootstrap.GradleDaemon 8.0

Host: AMD Ryzen 7 1700X Eight-Core Processor         , 16 cores, 23G,  Windows 10 , 64 bit Build 19041 (10.0.19041.1566)
Time: Sun Mar 19 15:14:05 2023 RTZ 2 (s 10 , 64 bit Build 19041 (10.0.19041.1566) elapsed time: 4.354997 seconds (0d 0h 0m 4s)

---------------  T H R E A D  ---------------

Current thread (0x000002913124c460):  ConcurrentGCThread "G1 Conc#1" [stack: 0x000000adcea00000,0x000000adceb00000] [id=344]

Stack: [0x000000adcea00000,0x000000adceb00000],  sp=0x000000adceaffb18,  free space=1022k
Native frames: (J=compiled Java code, j=interpreted, Vv=VM code, C=native code)
C  0x0000000800443908


siginfo: EXCEPTION_ACCESS_VIOLATION (0xc0000005), data execution prevention violation at address 0x0000000800443908


Register to memory mapping:

RIP=0x0000000800443908 is pointing into metadata
RAX=0x00000008005cfa48 is pointing into metadata
RBX=
[error occurred during error reporting (printing register info), id 0xc0000005, EXCEPTION_ACCESS_VIOLATION (0xc0000005) at pc=0x0000000800443908]

Registers:
RAX=0x00000008005cfa48, RBX=0x0000000080511f40, RCX=0x0000000800000c58, RDX=0x0000000080511f40
RSP=0x000000adceaffb18, RBP=0x0000000080600000, RSI=0x0000000000000002, RDI=0x00000000000021b9
R8 =0x0000000000000000, R9 =0x0000000800000c58, R10=0x000002912a410000, R11=0x0000000800000000
R12=0x00007ffcc63a0000, R13=0x000000adceaffdc0, R14=0x0000000080540000, R15=0x00000291104ed480
RIP=0x0000000800443908, EFLAGS=0x0000000000010246

Top of Stack: (sp=0x000000adceaffb18)
0x000000adceaffb18:   00007ffcc66a2edb 0000000080511e60
0x000000adceaffb28:   0000000000000004 0000000080600000
0x000000adceaffb38:   0000000080509580 0000000080000000
0x000000adceaffb48:   0000000000060938 0000000080500000
0x000000adceaffb58:   0000000000008000 01d95a5c4b8c47d4
0x000000adceaffb68:   0000000000000000 0000000000000000
0x000000adceaffb78:   000000000004c4b4 0000000080500000
0x000000adceaffb88:   0000000000008000 0000000000000000
0x000000adceaffb98:   0000000000000005 0000000080500000
0x000000adceaffba8:   0000000000008000 0000000080500000
0x000000adceaffbb8:   00007ffcc69e49ff 000000adceaffcd0
0x000000adceaffbc8:   0000000000000000 0000000000000000
0x000000adceaffbd8:   00007ffd0ade4cd5 0000000002977a73
0x000000adceaffbe8:   0000000000000000 0000000000008000
0x000000adceaffbf8:   0000000080600000 0000000000000000
0x000000adceaffc08:   0000000000000005 0000000080500000 

Instructions: (pc=0x0000000800443908)
0x0000000800443808:   02 04 00 00 00 00 00 00 00 00 00 00 00 00 00 00
0x0000000800443818:   00 00 00 00 00 00 00 00 00 00 00 00 00 00 00 00
0x0000000800443828:   8c 00 00 00 00 00 00 00 00 00 00 00 00 00 00 00
0x0000000800443838:   30 00 00 00 00 00 00 00 00 00 00 00 00 00 00 00
0x0000000800443848:   5e 00 00 00 00 00 00 00 00 00 00 00 00 00 00 00
0x0000000800443858:   31 00 00 00 00 00 00 00 00 00 00 00 00 00 00 00
0x0000000800443868:   a5 04 00 00 00 00 00 00 00 00 00 00 00 00 00 00
0x0000000800443878:   32 00 00 00 00 00 00 00 00 00 00 00 00 00 00 00
0x0000000800443888:   ad 04 00 00 00 00 00 00 00 00 00 00 00 00 00 00
0x0000000800443898:   33 00 00 00 00 00 00 00 00 00 00 00 00 00 00 00
0x00000008004438a8:   b1 04 00 00 00 00 00 00 00 00 00 00 00 00 00 00
0x00000008004438b8:   34 00 00 00 00 00 00 00 00 00 00 00 00 00 00 00
0x00000008004438c8:   9c 03 ba 00 00 00 00 00 88 3b 0e 00 08 00 00 00
0x00000008004438d8:   35 00 00 00 00 00 00 00 01 00 40 83 ff ff ff ff
0x00000008004438e8:   bd 00 00 00 00 00 00 00 00 00 00 00 00 00 00 00
0x00000008004438f8:   36 00 00 00 00 00 00 00 00 00 00 00 00 00 00 00
0x0000000800443908:   4b 06 00 00 00 0a 07 0c 01 01 01 09 07 0c 01 01
0x0000000800443918:   01 09 0c 01 01 07 01 0a 0a 0c 01 01 08 01 0a 0c
0x0000000800443928:   01 08 01 08 01 0a 0c 01 01 0a 0c 01 01 0a 0c 01
0x0000000800443938:   0a 0a 0c 01 0a 0c 01 01 0a 0c 01 01 0a 07 0c 01
0x0000000800443948:   01 0a 0c 01 0a 0c 01 0a 0c 01 08 01 0a 0c 01 08
0x0000000800443958:   01 0a 0c 01 08 01 08 01 0a 0c 01 01 0a 07 0c 01
0x0000000800443968:   01 01 12 0c 01 01 0b 07 0c 01 01 01 08 01 08 01
0x0000000800443978:   08 01 0a 07 0c 01 01 01 0b 0c 01 01 07 01 08 01
0x0000000800443988:   0a 0c 01 0b 64 0c 01 01 01 0a 0c 01 01 0b 08 01
0x0000000800443998:   12 08 01 0a 0c 01 0a 07 0c 01 01 0a 07 0c 01 01
0x00000008004439a8:   01 0a 0c 01 01 0a 07 0c 01 01 01 09 64 0c 01 01
0x00000008004439b8:   01 0a 64 0c 01 01 01 0a 07 0c 01 01 01 0a 0c 01
0x00000008004439c8:   01 12 0c 01 01 0a 07 0c 01 01 01 0a 07 0c 01 01
0x00000008004439d8:   0a 0c 01 01 0a 07 01 64 01 0a 0c 01 01 09 0c 01
0x00000008004439e8:   01 64 01 08 01 0a 0c 01 0a 0c 01 01 0a 0c 01 01
0x00000008004439f8:   0a 07 0c 01 01 01 07 01 0a 0c 01 07 01 64 01 0a 


Stack slot to memory mapping:
stack at sp + 0 slots: 0x00007ffcc66a2edb jvm.dll
stack at sp + 1 slots: 0x0000000080511e60 is an oop: java.util.concurrent.ConcurrentHashMap$Node 
{0x0000000080511e60} - klass: 'java/util/concurrent/ConcurrentHashMap$Node'
 - ---- fields (total size 4 words):
 - final 'hash' 'I' @12  534464278 (1fdb4716)
 - final 'key' 'Ljava/lang/Object;' @16  "org.gradle.internal.nativeintegration.services.NativeServices$1"{0x000000008075af08} (8075af08)
 - volatile 'val' 'Ljava/lang/Object;' @20  a 'java/lang/Object'{0x0000000080511e80} (80511e80)
 - volatile 'next' 'Ljava/util/concurrent/ConcurrentHashMap$Node;' @24  NULL (0)
stack at sp + 2 slots: 0x0000000000000004 is an unknown value
stack at sp + 3 slots: 0x0000000080600000 is an oop: sun.reflect.generics.tree.MethodTypeSignature 
{0x0000000080600000} - klass: 'sun/reflect/generics/tree/MethodTypeSignature'
 - ---- fields (total size 4 words):
 - private final 'formalTypeParams' '[Lsun/reflect/generics/tree/FormalTypeParameter;' @12  a 'sun/reflect/generics/tree/FormalTypeParameter'[0] {0x0000000080600020} (80600020)
 - private final 'parameterTypes' '[Lsun/reflect/generics/tree/TypeSignature;' @16  a 'sun/reflect/generics/tree/TypeSignature'[1] {0x0000000080600030} (80600030)
 - private final 'returnType' 'Lsun/reflect/generics/tree/ReturnType;' @20  a 'sun/reflect/generics/tree/ClassTypeSignature'{0x00000000806001f8} (806001f8)
 - private final 'exceptionTypes' '[Lsun/reflect/generics/tree/FieldTypeSignature;' @24  a 'sun/reflect/generics/tree/FieldTypeSignature'[0] {0x00000000806002e8} (806002e8)
stack at sp + 4 slots: 0x0000000080509580 is an oop: java.lang.ref.SoftReference 
{0x0000000080509580} - klass: 'java/lang/ref/SoftReference'
 - ---- fields (total size 5 words):
 - private 'referent' 'Ljava/lang/Object;' @12  a 'java/lang/Class$ReflectionData'{0x00000000805095a8} (805095a8)
 - volatile 'queue' 'Ljava/lang/ref/ReferenceQueue;' @16  a 'java/lang/ref/ReferenceQueue$Null'{0x0000000080739470} (80739470)
 - volatile 'next' 'Ljava/lang/ref/Reference;' @20  NULL (0)
 - private transient 'discovered' 'Ljava/lang/ref/Reference;' @24  NULL (0)
 - private 'timestamp' 'J' @32  1460787 (164a33 0)
stack at sp + 5 slots: 0x0000000080000000 is an oop: [B 
{0x0000000080000000} - klass: {type array byte}
 - length: 3164586
stack at sp + 6 slots: 0x0000000000060938 is an unknown value
stack at sp + 7 slots: 0x0000000080500000 is an oop: [B 
{0x0000000080500000} - klass: {type array byte}
 - length: 33118


---------------  P R O C E S S  ---------------

Threads class SMR info:
_java_thread_list=0x0000029135d6f060, length=47, elements={
0x000002911048a8d0, 0x000002912ee7ce30, 0x000002912ee7dbb0, 0x000002912ee97f00,
0x000002912ee9b7e0, 0x000002912ee9c0a0, 0x000002912ee9c960, 0x000002912ee9d550,
0x000002912ee9e300, 0x000002912f481ac0, 0x000002912f59c350, 0x000002912f5b7100,
0x000002912f5b89f0, 0x000002912f6689c0, 0x000002912f73c470, 0x00000291306e2920,
0x0000029130ab8570, 0x0000029131b67230, 0x0000029131fee020, 0x0000029132356db0,
0x000002913185fbe0, 0x000002912f7b30d0, 0x00000291316d8bf0, 0x0000029131964c70,
0x0000029131f2e880, 0x000002913238ece0, 0x00000291320bc070, 0x00000291321479e0,
0x000002913221abc0, 0x00000291332a2e60, 0x00000291332a3330, 0x00000291332a0310,
0x00000291332a3800, 0x00000291332a1650, 0x00000291332a2990, 0x000002913329fe40,
0x00000291332a07e0, 0x00000291332a1ff0, 0x00000291332a0cb0, 0x00000291332a24c0,
0x0000029132868c00, 0x00000291358ed460, 0x0000029131f78d80, 0x0000029131f79250,
0x0000029131f7e8f0, 0x0000029131f77570, 0x0000029131f7d5b0
}

Java Threads: ( => current thread )
  0x000002911048a8d0 JavaThread "main" [_thread_blocked, id=6348, stack(0x000000adcb300000,0x000000adcb400000)]
  0x000002912ee7ce30 JavaThread "Reference Handler" daemon [_thread_blocked, id=6072, stack(0x000000adcba00000,0x000000adcbb00000)]
  0x000002912ee7dbb0 JavaThread "Finalizer" daemon [_thread_blocked, id=6064, stack(0x000000adcbb00000,0x000000adcbc00000)]
  0x000002912ee97f00 JavaThread "Signal Dispatcher" daemon [_thread_blocked, id=6960, stack(0x000000adcbc00000,0x000000adcbd00000)]
  0x000002912ee9b7e0 JavaThread "Attach Listener" daemon [_thread_blocked, id=7816, stack(0x000000adcbd00000,0x000000adcbe00000)]
  0x000002912ee9c0a0 JavaThread "Service Thread" daemon [_thread_blocked, id=7428, stack(0x000000adcbe00000,0x000000adcbf00000)]
  0x000002912ee9c960 JavaThread "Monitor Deflation Thread" daemon [_thread_blocked, id=11984, stack(0x000000adcbf00000,0x000000adcc000000)]
  0x000002912ee9d550 JavaThread "C2 CompilerThread0" daemon [_thread_blocked, id=8560, stack(0x000000adcc000000,0x000000adcc100000)]
  0x000002912ee9e300 JavaThread "C1 CompilerThread0" daemon [_thread_blocked, id=2624, stack(0x000000adcc100000,0x000000adcc200000)]
  0x000002912f481ac0 JavaThread "Sweeper thread" daemon [_thread_blocked, id=1132, stack(0x000000adcc200000,0x000000adcc300000)]
  0x000002912f59c350 JavaThread "C1 CompilerThread1" daemon [_thread_blocked, id=6800, stack(0x000000adcc300000,0x000000adcc400000)]
  0x000002912f5b7100 JavaThread "Common-Cleaner" daemon [_thread_blocked, id=1672, stack(0x000000adcc400000,0x000000adcc500000)]
  0x000002912f5b89f0 JavaThread "Notification Thread" daemon [_thread_blocked, id=8968, stack(0x000000adcc500000,0x000000adcc600000)]
  0x000002912f6689c0 JavaThread "C2 CompilerThread1" daemon [_thread_blocked, id=8580, stack(0x000000adcc700000,0x000000adcc800000)]
  0x000002912f73c470 JavaThread "C2 CompilerThread2" daemon [_thread_in_native, id=6228, stack(0x000000adcc800000,0x000000adcc900000)]
  0x00000291306e2920 JavaThread "C1 CompilerThread2" daemon [_thread_blocked, id=13636, stack(0x000000adcca00000,0x000000adccb00000)]
  0x0000029130ab8570 JavaThread "C1 CompilerThread3" daemon [_thread_blocked, id=6640, stack(0x000000adccb00000,0x000000adccc00000)]
  0x0000029131b67230 JavaThread "Daemon health stats" [_thread_blocked, id=8084, stack(0x000000adcd400000,0x000000adcd500000)]
  0x0000029131fee020 JavaThread "Incoming local TCP Connector on port 51701" [_thread_in_native, id=12792, stack(0x000000adcd500000,0x000000adcd600000)]
  0x0000029132356db0 JavaThread "Daemon periodic checks" [_thread_blocked, id=6260, stack(0x000000adcd600000,0x000000adcd700000)]
  0x000002913185fbe0 JavaThread "Daemon" [_thread_blocked, id=1100, stack(0x000000adcd700000,0x000000adcd800000)]
  0x000002912f7b30d0 JavaThread "Handler for socket connection from /127.0.0.1:51701 to /127.0.0.1:51702" [_thread_in_native, id=13820, stack(0x000000adcd800000,0x000000adcd900000)]
  0x00000291316d8bf0 JavaThread "Cancel handler" [_thread_blocked, id=12124, stack(0x000000adcd900000,0x000000adcda00000)]
  0x0000029131964c70 JavaThread "Daemon worker" [_thread_in_vm, id=5560, stack(0x000000adcda00000,0x000000adcdb00000)]
  0x0000029131f2e880 JavaThread "Asynchronous log dispatcher for DefaultDaemonConnection: socket connection from /127.0.0.1:51701 to /127.0.0.1:51702" [_thread_blocked, id=13344, stack(0x000000adcdb00000,0x000000adcdc00000)]
  0x000002913238ece0 JavaThread "Stdin handler" [_thread_blocked, id=13796, stack(0x000000adcdc00000,0x000000adcdd00000)]
  0x00000291320bc070 JavaThread "Daemon client event forwarder" [_thread_blocked, id=3092, stack(0x000000adcdd00000,0x000000adcde00000)]
  0x00000291321479e0 JavaThread "Cache worker for journal cache (C:\Users\Ivan\.gradle\caches\journal-1)" [_thread_blocked, id=13028, stack(0x000000adcc900000,0x000000adcca00000)]
  0x000002913221abc0 JavaThread "File lock request listener" [_thread_in_native, id=5936, stack(0x000000adcde00000,0x000000adcdf00000)]
  0x00000291332a2e60 JavaThread "Cache worker for file hash cache (C:\Users\Ivan\.gradle\caches\8.0\fileHashes)" [_thread_blocked, id=5304, stack(0x000000adcdf00000,0x000000adce000000)]
  0x00000291332a3330 JavaThread "File watcher server" daemon [_thread_in_native, id=6980, stack(0x000000adce000000,0x000000adce100000)]
  0x00000291332a0310 JavaThread "File watcher consumer" daemon [_thread_blocked, id=12488, stack(0x000000adce100000,0x000000adce200000)]
  0x00000291332a3800 JavaThread "Cache worker for checksums cache (D:\Dropbox\Android\mp3\.gradle\8.0\checksums)" [_thread_blocked, id=8576, stack(0x000000adce200000,0x000000adce300000)]
  0x00000291332a1650 JavaThread "Cache worker for cache directory md-rule (C:\Users\Ivan\.gradle\caches\8.0\md-rule)" [_thread_blocked, id=5692, stack(0x000000adce300000,0x000000adce400000)]
  0x00000291332a2990 JavaThread "Cache worker for file content cache (C:\Users\Ivan\.gradle\caches\8.0\fileContent)" [_thread_blocked, id=13808, stack(0x000000adce400000,0x000000adce500000)]
  0x000002913329fe40 JavaThread "Cache worker for file hash cache (D:\Dropbox\Android\mp3\.gradle\8.0\fileHashes)" [_thread_blocked, id=13436, stack(0x000000adce500000,0x000000adce600000)]
  0x00000291332a07e0 JavaThread "Cache worker for cache directory md-supplier (C:\Users\Ivan\.gradle\caches\8.0\md-supplier)" [_thread_blocked, id=9136, stack(0x000000adcec00000,0x000000adced00000)]
  0x00000291332a1ff0 JavaThread "Cache worker for execution history cache (C:\Users\Ivan\.gradle\caches\8.0\executionHistory)" [_thread_blocked, id=2092, stack(0x000000adced00000,0x000000adcee00000)]
  0x00000291332a0cb0 JavaThread "jar transforms" [_thread_blocked, id=13928, stack(0x000000adcee00000,0x000000adcef00000)]
  0x00000291332a24c0 JavaThread "jar transforms Thread 2" [_thread_blocked, id=3096, stack(0x000000adcef00000,0x000000adcf000000)]
  0x0000029132868c00 JavaThread "C2 CompilerThread3" daemon [_thread_in_native, id=6352, stack(0x000000adcf000000,0x000000adcf100000)]
  0x00000291358ed460 JavaThread "C2 CompilerThread4" daemon [_thread_in_native, id=13268, stack(0x000000adcf100000,0x000000adcf200000)]
  0x0000029131f78d80 JavaThread "jar transforms Thread 3" [_thread_blocked, id=6356, stack(0x000000adcf200000,0x000000adcf300000)]
  0x0000029131f79250 JavaThread "jar transforms Thread 4" [_thread_blocked, id=7320, stack(0x000000adcf300000,0x000000adcf400000)]
  0x0000029131f7e8f0 JavaThread "Cache worker for dependencies-accessors (D:\Dropbox\Android\mp3\.gradle\8.0\dependencies-accessors)" [_thread_blocked, id=2264, stack(0x000000adcf400000,0x000000adcf500000)]
  0x0000029131f77570 JavaThread "jar transforms Thread 5" [_thread_blocked, id=6568, stack(0x000000adcf500000,0x000000adcf600000)]
  0x0000029131f7d5b0 JavaThread "Cache worker for Build Output Cleanup Cache (D:\Dropbox\Android\mp3\.gradle\buildOutputCleanup)" [_thread_blocked, id=14132, stack(0x000000adcf600000,0x000000adcf700000)]

Other Threads:
  0x000002912f471c00 VMThread "VM Thread" [stack: 0x000000adcb900000,0x000000adcba00000] [id=7080]
  0x0000029110511bc0 WatcherThread [stack: 0x000000adcc600000,0x000000adcc700000] [id=128]
  0x00000291104ecf20 GCTaskThread "GC Thread#0" [stack: 0x000000adcb400000,0x000000adcb500000] [id=6908]
  0x000002913043fec0 GCTaskThread "GC Thread#1" [stack: 0x000000adccc00000,0x000000adccd00000] [id=1668]
  0x0000029130e2be30 GCTaskThread "GC Thread#2" [stack: 0x000000adccd00000,0x000000adcce00000] [id=10184]
  0x000002913012f510 GCTaskThread "GC Thread#3" [stack: 0x000000adcce00000,0x000000adccf00000] [id=6280]
  0x000002913012fd20 GCTaskThread "GC Thread#4" [stack: 0x000000adccf00000,0x000000adcd000000] [id=1920]
  0x000002913012ed00 GCTaskThread "GC Thread#5" [stack: 0x000000adcd000000,0x000000adcd100000] [id=12688]
  0x000002913012fa70 GCTaskThread "GC Thread#6" [stack: 0x000000adcd100000,0x000000adcd200000] [id=6628]
  0x000002913012ffd0 GCTaskThread "GC Thread#7" [stack: 0x000000adcd200000,0x000000adcd300000] [id=7348]
  0x000002913012efb0 GCTaskThread "GC Thread#8" [stack: 0x000000adcd300000,0x000000adcd400000] [id=5848]
  0x000002913124d9e0 GCTaskThread "GC Thread#9" [stack: 0x000000adce600000,0x000000adce700000] [id=6880]
  0x000002913124e1f0 GCTaskThread "GC Thread#10" [stack: 0x000000adce700000,0x000000adce800000] [id=13712]
  0x000002913124d480 GCTaskThread "GC Thread#11" [stack: 0x000000adce800000,0x000000adce900000] [id=7472]
  0x000002913124bc50 GCTaskThread "GC Thread#12" [stack: 0x000000adce900000,0x000000adcea00000] [id=3116]
  0x00000291104fdd70 ConcurrentGCThread "G1 Main Marker" [stack: 0x000000adcb500000,0x000000adcb600000] [id=5908]
  0x0000029110500ab0 ConcurrentGCThread "G1 Conc#0" [stack: 0x000000adcb600000,0x000000adcb700000] [id=3712]
=>0x000002913124c460 ConcurrentGCThread "G1 Conc#1" [stack: 0x000000adcea00000,0x000000adceb00000] [id=344]
  0x000002913124c9c0 ConcurrentGCThread "G1 Conc#2" [stack: 0x000000adceb00000,0x000000adcec00000] [id=12796]
  0x000002911055dbe0 ConcurrentGCThread "G1 Refine#0" [stack: 0x000000adcb700000,0x000000adcb800000] [id=7808]
  0x000002911055e510 ConcurrentGCThread "G1 Service" [stack: 0x000000adcb800000,0x000000adcb900000] [id=14152]

Threads with active compile tasks:
C2 CompilerThread2     4371 4618       4       jdk.internal.org.objectweb.asm.Frame::getAbstractTypeFromDescriptor (415 bytes)
C2 CompilerThread3     4372 4659       4       org.objectweb.asm.SymbolTable::addConstantUtf8Reference (101 bytes)

VM state: not at safepoint (normal execution)

VM Mutex/Monitor currently owned by a thread: None

Heap address: 0x0000000080000000, size: 2048 MB, Compressed Oops mode: 32-bit

CDS archive(s) mapped at: [0x0000000800000000-0x0000000800bc0000-0x0000000800bc0000), size 12320768, SharedBaseAddress: 0x0000000800000000, ArchiveRelocationMode: 0.
Compressed class space mapped at: 0x0000000800c00000-0x0000000840c00000, reserved size: 1073741824
Narrow klass base: 0x0000000800000000, Narrow klass shift: 0, Narrow klass range: 0x100000000

GC Precious Log:
 CPUs: 16 total, 16 available
 Memory: 24499M
 Large Page Support: Disabled
 NUMA Support: Disabled
 Compressed Oops: Enabled (32-bit)
 Heap Region Size: 1M
 Heap Min Capacity: 8M
 Heap Initial Capacity: 384M
 Heap Max Capacity: 2G
 Pre-touch: Disabled
 Parallel Workers: 13
 Concurrent Workers: 3
 Concurrent Refinement Workers: 13
 Periodic GC: Disabled

Heap:
 garbage-first heap   total 126976K, used 37138K [0x0000000080000000, 0x0000000100000000)
  region size 1024K, 6 young (6144K), 2 survivors (2048K)
 Metaspace       used 39879K, committed 40320K, reserved 1089536K
  class space    used 5521K, committed 5696K, reserved 1048576K

Heap Regions: E=young(eden), S=young(survivor), O=old, HS=humongous(starts), HC=humongous(continues), CS=collection set, F=free, OA=open archive, CA=closed archive, TAMS=top-at-mark-start (previous, next)
|   0|0x0000000080000000, 0x0000000080100000, 0x0000000080100000|100%|HS|  |TAMS 0x0000000080100000, 0x0000000080000000| Complete 
|   1|0x0000000080100000, 0x0000000080200000, 0x0000000080200000|100%|HC|  |TAMS 0x0000000080200000, 0x0000000080100000| Complete 
|   2|0x0000000080200000, 0x0000000080300000, 0x0000000080300000|100%|HC|  |TAMS 0x0000000080300000, 0x0000000080200000| Complete 
|   3|0x0000000080300000, 0x0000000080400000, 0x0000000080400000|100%|HC|  |TAMS 0x0000000080400000, 0x0000000080300000| Complete 
|   4|0x0000000080400000, 0x0000000080500000, 0x0000000080500000|100%| O|  |TAMS 0x0000000080500000, 0x0000000080400000| Untracked 
|   5|0x0000000080500000, 0x0000000080600000, 0x0000000080600000|100%| O|  |TAMS 0x0000000080600000, 0x0000000080500000| Untracked 
|   6|0x0000000080600000, 0x0000000080700000, 0x0000000080700000|100%| O|  |TAMS 0x0000000080700000, 0x0000000080600000| Untracked 
|   7|0x0000000080700000, 0x0000000080800000, 0x0000000080800000|100%| O|  |TAMS 0x0000000080800000, 0x0000000080700000| Untracked 
|   8|0x0000000080800000, 0x0000000080900000, 0x0000000080900000|100%| O|  |TAMS 0x0000000080900000, 0x0000000080800000| Untracked 
|   9|0x0000000080900000, 0x0000000080a00000, 0x0000000080a00000|100%| O|  |TAMS 0x0000000080a00000, 0x0000000080900000| Updating 
|  10|0x0000000080a00000, 0x0000000080b00000, 0x0000000080b00000|100%| O|  |TAMS 0x0000000080b00000, 0x0000000080a00000| Untracked 
|  11|0x0000000080b00000, 0x0000000080b4aa00, 0x0000000080c00000| 29%| O|  |TAMS 0x0000000080b4aa00, 0x0000000080b00000| Updating 
|  12|0x0000000080c00000, 0x0000000080d00000, 0x0000000080d00000|100%| O|  |TAMS 0x0000000080d00000, 0x0000000080c00000| Untracked 
|  13|0x0000000080d00000, 0x0000000080e00000, 0x0000000080e00000|100%| O|  |TAMS 0x0000000080e00000, 0x0000000080d00000| Untracked 
|  14|0x0000000080e00000, 0x0000000080f00000, 0x0000000080f00000|100%| O|  |TAMS 0x0000000080f00000, 0x0000000080e00000| Untracked 
|  15|0x0000000080f00000, 0x0000000081000000, 0x0000000081000000|100%| O|  |TAMS 0x0000000081000000, 0x0000000080f00000| Untracked 
|  16|0x0000000081000000, 0x0000000081100000, 0x0000000081100000|100%| O|  |TAMS 0x0000000081100000, 0x0000000081000000| Untracked 
|  17|0x0000000081100000, 0x0000000081200000, 0x0000000081200000|100%| O|  |TAMS 0x0000000081200000, 0x0000000081100000| Untracked 
|  18|0x0000000081200000, 0x0000000081300000, 0x0000000081300000|100%| O|  |TAMS 0x0000000081300000, 0x0000000081200000| Untracked 
|  19|0x0000000081300000, 0x0000000081400000, 0x0000000081400000|100%| O|  |TAMS 0x0000000081400000, 0x0000000081300000| Untracked 
|  20|0x0000000081400000, 0x0000000081500000, 0x0000000081500000|100%| O|  |TAMS 0x0000000081500000, 0x0000000081400000| Untracked 
|  21|0x0000000081500000, 0x0000000081600000, 0x0000000081600000|100%| O|  |TAMS 0x0000000081600000, 0x0000000081500000| Untracked 
|  22|0x0000000081600000, 0x0000000081700000, 0x0000000081700000|100%| O|  |TAMS 0x0000000081700000, 0x0000000081600000| Untracked 
|  23|0x0000000081700000, 0x0000000081800000, 0x0000000081800000|100%| O|  |TAMS 0x0000000081800000, 0x0000000081700000| Untracked 
|  24|0x0000000081800000, 0x0000000081900000, 0x0000000081900000|100%| O|  |TAMS 0x0000000081900000, 0x0000000081800000| Untracked 
|  25|0x0000000081900000, 0x0000000081a00000, 0x0000000081a00000|100%| O|  |TAMS 0x0000000081a00000, 0x0000000081900000| Updating 
|  26|0x0000000081a00000, 0x0000000081b00000, 0x0000000081b00000|100%| O|  |TAMS 0x0000000081b00000, 0x0000000081a00000| Untracked 
|  27|0x0000000081b00000, 0x0000000081b00000, 0x0000000081c00000|  0%| F|  |TAMS 0x0000000081b00000, 0x0000000081b00000| Untracked 
|  28|0x0000000081c00000, 0x0000000081d00000, 0x0000000081d00000|100%| O|  |TAMS 0x0000000081d00000, 0x0000000081c00000| Untracked 
|  29|0x0000000081d00000, 0x0000000081e00000, 0x0000000081e00000|100%| O|  |TAMS 0x0000000081e00000, 0x0000000081d00000| Untracked 
|  30|0x0000000081e00000, 0x0000000081f00000, 0x0000000081f00000|100%| O|  |TAMS 0x0000000081f00000, 0x0000000081e00000| Untracked 
|  31|0x0000000081f00000, 0x0000000081f2e800, 0x0000000082000000| 18%| O|  |TAMS 0x0000000081f2e800, 0x0000000081f00000| Updating 
|  32|0x0000000082000000, 0x0000000082100000, 0x0000000082100000|100%| O|  |TAMS 0x0000000082100000, 0x0000000082000000| Untracked 
|  33|0x0000000082100000, 0x0000000082200000, 0x0000000082200000|100%| O|  |TAMS 0x0000000082200000, 0x0000000082100000| Updating 
|  34|0x0000000082200000, 0x0000000082200000, 0x0000000082300000|  0%| F|  |TAMS 0x0000000082200000, 0x0000000082200000| Untracked 
|  35|0x0000000082300000, 0x0000000082300000, 0x0000000082400000|  0%| F|  |TAMS 0x0000000082300000, 0x0000000082300000| Untracked 
|  36|0x0000000082400000, 0x0000000082400000, 0x0000000082500000|  0%| F|  |TAMS 0x0000000082400000, 0x0000000082400000| Untracked 
|  37|0x0000000082500000, 0x0000000082500000, 0x0000000082600000|  0%| F|  |TAMS 0x0000000082500000, 0x0000000082500000| Untracked 
|  38|0x0000000082600000, 0x0000000082600000, 0x0000000082700000|  0%| F|  |TAMS 0x0000000082600000, 0x0000000082600000| Untracked 
|  39|0x0000000082700000, 0x0000000082700000, 0x0000000082800000|  0%| F|  |TAMS 0x0000000082700000, 0x0000000082700000| Untracked 
|  40|0x0000000082800000, 0x0000000082800000, 0x0000000082900000|  0%| F|  |TAMS 0x0000000082800000, 0x0000000082800000| Untracked 
|  41|0x0000000082900000, 0x0000000082900000, 0x0000000082a00000|  0%| F|  |TAMS 0x0000000082900000, 0x0000000082900000| Untracked 
|  42|0x0000000082a00000, 0x0000000082a00000, 0x0000000082b00000|  0%| F|  |TAMS 0x0000000082a00000, 0x0000000082a00000| Untracked 
|  43|0x0000000082b00000, 0x0000000082b00000, 0x0000000082c00000|  0%| F|  |TAMS 0x0000000082b00000, 0x0000000082b00000| Untracked 
|  44|0x0000000082c00000, 0x0000000082c00000, 0x0000000082d00000|  0%| F|  |TAMS 0x0000000082c00000, 0x0000000082c00000| Untracked 
|  45|0x0000000082d00000, 0x0000000082d00000, 0x0000000082e00000|  0%| F|  |TAMS 0x0000000082d00000, 0x0000000082d00000| Untracked 
|  46|0x0000000082e00000, 0x0000000082e00000, 0x0000000082f00000|  0%| F|  |TAMS 0x0000000082e00000, 0x0000000082e00000| Untracked 
|  47|0x0000000082f00000, 0x0000000082f00000, 0x0000000083000000|  0%| F|  |TAMS 0x0000000082f00000, 0x0000000082f00000| Untracked 
|  48|0x0000000083000000, 0x0000000083000000, 0x0000000083100000|  0%| F|  |TAMS 0x0000000083000000, 0x0000000083000000| Untracked 
|  49|0x0000000083100000, 0x00000000831cb700, 0x0000000083200000| 79%| S|CS|TAMS 0x0000000083100000, 0x0000000083100000| Complete 
|  50|0x0000000083200000, 0x0000000083300000, 0x0000000083300000|100%| S|CS|TAMS 0x0000000083200000, 0x0000000083200000| Complete 
|  51|0x0000000083300000, 0x0000000083300000, 0x0000000083400000|  0%| F|  |TAMS 0x0000000083300000, 0x0000000083300000| Untracked 
|  52|0x0000000083400000, 0x0000000083400000, 0x0000000083500000|  0%| F|  |TAMS 0x0000000083400000, 0x0000000083400000| Untracked 
|  53|0x0000000083500000, 0x0000000083500000, 0x0000000083600000|  0%| F|  |TAMS 0x0000000083500000, 0x0000000083500000| Untracked 
|  54|0x0000000083600000, 0x0000000083600000, 0x0000000083700000|  0%| F|  |TAMS 0x0000000083600000, 0x0000000083600000| Untracked 
|  55|0x0000000083700000, 0x0000000083700000, 0x0000000083800000|  0%| F|  |TAMS 0x0000000083700000, 0x0000000083700000| Untracked 
|  56|0x0000000083800000, 0x0000000083800000, 0x0000000083900000|  0%| F|  |TAMS 0x0000000083800000, 0x0000000083800000| Untracked 
|  57|0x0000000083900000, 0x0000000083900000, 0x0000000083a00000|  0%| F|  |TAMS 0x0000000083900000, 0x0000000083900000| Untracked 
|  58|0x0000000083a00000, 0x0000000083a00000, 0x0000000083b00000|  0%| F|  |TAMS 0x0000000083a00000, 0x0000000083a00000| Untracked 
|  59|0x0000000083b00000, 0x0000000083b00000, 0x0000000083c00000|  0%| F|  |TAMS 0x0000000083b00000, 0x0000000083b00000| Untracked 
|  60|0x0000000083c00000, 0x0000000083c00000, 0x0000000083d00000|  0%| F|  |TAMS 0x0000000083c00000, 0x0000000083c00000| Untracked 
|  61|0x0000000083d00000, 0x0000000083d00000, 0x0000000083e00000|  0%| F|  |TAMS 0x0000000083d00000, 0x0000000083d00000| Untracked 
|  62|0x0000000083e00000, 0x0000000083e00000, 0x0000000083f00000|  0%| F|  |TAMS 0x0000000083e00000, 0x0000000083e00000| Untracked 
|  63|0x0000000083f00000, 0x0000000083f00000, 0x0000000084000000|  0%| F|  |TAMS 0x0000000083f00000, 0x0000000083f00000| Untracked 
|  64|0x0000000084000000, 0x0000000084000000, 0x0000000084100000|  0%| F|  |TAMS 0x0000000084000000, 0x0000000084000000| Untracked 
|  65|0x0000000084100000, 0x0000000084100000, 0x0000000084200000|  0%| F|  |TAMS 0x0000000084100000, 0x0000000084100000| Untracked 
|  66|0x0000000084200000, 0x0000000084200000, 0x0000000084300000|  0%| F|  |TAMS 0x0000000084200000, 0x0000000084200000| Untracked 
|  67|0x0000000084300000, 0x0000000084300000, 0x0000000084400000|  0%| F|  |TAMS 0x0000000084300000, 0x0000000084300000| Untracked 
|  68|0x0000000084400000, 0x0000000084400000, 0x0000000084500000|  0%| F|  |TAMS 0x0000000084400000, 0x0000000084400000| Untracked 
|  69|0x0000000084500000, 0x0000000084500000, 0x0000000084600000|  0%| F|  |TAMS 0x0000000084500000, 0x0000000084500000| Untracked 
|  70|0x0000000084600000, 0x0000000084600000, 0x0000000084700000|  0%| F|  |TAMS 0x0000000084600000, 0x0000000084600000| Untracked 
|  71|0x0000000084700000, 0x0000000084700000, 0x0000000084800000|  0%| F|  |TAMS 0x0000000084700000, 0x0000000084700000| Untracked 
|  72|0x0000000084800000, 0x0000000084800000, 0x0000000084900000|  0%| F|  |TAMS 0x0000000084800000, 0x0000000084800000| Untracked 
|  73|0x0000000084900000, 0x0000000084900000, 0x0000000084a00000|  0%| F|  |TAMS 0x0000000084900000, 0x0000000084900000| Untracked 
|  74|0x0000000084a00000, 0x0000000084a00000, 0x0000000084b00000|  0%| F|  |TAMS 0x0000000084a00000, 0x0000000084a00000| Untracked 
|  75|0x0000000084b00000, 0x0000000084b00000, 0x0000000084c00000|  0%| F|  |TAMS 0x0000000084b00000, 0x0000000084b00000| Untracked 
|  76|0x0000000084c00000, 0x0000000084c00000, 0x0000000084d00000|  0%| F|  |TAMS 0x0000000084c00000, 0x0000000084c00000| Untracked 
|  77|0x0000000084d00000, 0x0000000084d00000, 0x0000000084e00000|  0%| F|  |TAMS 0x0000000084d00000, 0x0000000084d00000| Untracked 
|  78|0x0000000084e00000, 0x0000000084e00000, 0x0000000084f00000|  0%| F|  |TAMS 0x0000000084e00000, 0x0000000084e00000| Untracked 
|  79|0x0000000084f00000, 0x0000000084f00000, 0x0000000085000000|  0%| F|  |TAMS 0x0000000084f00000, 0x0000000084f00000| Untracked 
|  80|0x0000000085000000, 0x0000000085000000, 0x0000000085100000|  0%| F|  |TAMS 0x0000000085000000, 0x0000000085000000| Untracked 
|  81|0x0000000085100000, 0x0000000085100000, 0x0000000085200000|  0%| F|  |TAMS 0x0000000085100000, 0x0000000085100000| Untracked 
|  82|0x0000000085200000, 0x0000000085200000, 0x0000000085300000|  0%| F|  |TAMS 0x0000000085200000, 0x0000000085200000| Untracked 
|  83|0x0000000085300000, 0x0000000085300000, 0x0000000085400000|  0%| F|  |TAMS 0x0000000085300000, 0x0000000085300000| Untracked 
|  84|0x0000000085400000, 0x0000000085400000, 0x0000000085500000|  0%| F|  |TAMS 0x0000000085400000, 0x0000000085400000| Untracked 
|  85|0x0000000085500000, 0x0000000085500000, 0x0000000085600000|  0%| F|  |TAMS 0x0000000085500000, 0x0000000085500000| Untracked 
|  86|0x0000000085600000, 0x0000000085600000, 0x0000000085700000|  0%| F|  |TAMS 0x0000000085600000, 0x0000000085600000| Untracked 
|  87|0x0000000085700000, 0x0000000085700000, 0x0000000085800000|  0%| F|  |TAMS 0x0000000085700000, 0x0000000085700000| Untracked 
|  88|0x0000000085800000, 0x0000000085800000, 0x0000000085900000|  0%| F|  |TAMS 0x0000000085800000, 0x0000000085800000| Untracked 
|  89|0x0000000085900000, 0x0000000085900000, 0x0000000085a00000|  0%| F|  |TAMS 0x0000000085900000, 0x0000000085900000| Untracked 
|  90|0x0000000085a00000, 0x0000000085a00000, 0x0000000085b00000|  0%| F|  |TAMS 0x0000000085a00000, 0x0000000085a00000| Untracked 
|  91|0x0000000085b00000, 0x0000000085b00000, 0x0000000085c00000|  0%| F|  |TAMS 0x0000000085b00000, 0x0000000085b00000| Untracked 
|  92|0x0000000085c00000, 0x0000000085c00000, 0x0000000085d00000|  0%| F|  |TAMS 0x0000000085c00000, 0x0000000085c00000| Untracked 
|  93|0x0000000085d00000, 0x0000000085d00000, 0x0000000085e00000|  0%| F|  |TAMS 0x0000000085d00000, 0x0000000085d00000| Untracked 
|  94|0x0000000085e00000, 0x0000000085e00000, 0x0000000085f00000|  0%| F|  |TAMS 0x0000000085e00000, 0x0000000085e00000| Untracked 
|  95|0x0000000085f00000, 0x0000000085f00000, 0x0000000086000000|  0%| F|  |TAMS 0x0000000085f00000, 0x0000000085f00000| Untracked 
|  96|0x0000000086000000, 0x0000000086000000, 0x0000000086100000|  0%| F|  |TAMS 0x0000000086000000, 0x0000000086000000| Untracked 
|  97|0x0000000086100000, 0x0000000086100000, 0x0000000086200000|  0%| F|  |TAMS 0x0000000086100000, 0x0000000086100000| Untracked 
|  98|0x0000000086200000, 0x0000000086200000, 0x0000000086300000|  0%| F|  |TAMS 0x0000000086200000, 0x0000000086200000| Untracked 
|  99|0x0000000086300000, 0x0000000086300000, 0x0000000086400000|  0%| F|  |TAMS 0x0000000086300000, 0x0000000086300000| Untracked 
| 100|0x0000000086400000, 0x0000000086400000, 0x0000000086500000|  0%| F|  |TAMS 0x0000000086400000, 0x0000000086400000| Untracked 
| 101|0x0000000086500000, 0x0000000086500000, 0x0000000086600000|  0%| F|  |TAMS 0x0000000086500000, 0x0000000086500000| Untracked 
| 102|0x0000000086600000, 0x0000000086600000, 0x0000000086700000|  0%| F|  |TAMS 0x0000000086600000, 0x0000000086600000| Untracked 
| 103|0x0000000086700000, 0x0000000086700000, 0x0000000086800000|  0%| F|  |TAMS 0x0000000086700000, 0x0000000086700000| Untracked 
| 104|0x0000000086800000, 0x0000000086800000, 0x0000000086900000|  0%| F|  |TAMS 0x0000000086800000, 0x0000000086800000| Untracked 
| 105|0x0000000086900000, 0x0000000086900000, 0x0000000086a00000|  0%| F|  |TAMS 0x0000000086900000, 0x0000000086900000| Untracked 
| 106|0x0000000086a00000, 0x0000000086a00000, 0x0000000086b00000|  0%| F|  |TAMS 0x0000000086a00000, 0x0000000086a00000| Untracked 
| 107|0x0000000086b00000, 0x0000000086b00000, 0x0000000086c00000|  0%| F|  |TAMS 0x0000000086b00000, 0x0000000086b00000| Untracked 
| 108|0x0000000086c00000, 0x0000000086c00000, 0x0000000086d00000|  0%| F|  |TAMS 0x0000000086c00000, 0x0000000086c00000| Untracked 
| 109|0x0000000086d00000, 0x0000000086d00000, 0x0000000086e00000|  0%| F|  |TAMS 0x0000000086d00000, 0x0000000086d00000| Untracked 
| 110|0x0000000086e00000, 0x0000000086e00000, 0x0000000086f00000|  0%| F|  |TAMS 0x0000000086e00000, 0x0000000086e00000| Untracked 
| 111|0x0000000086f00000, 0x0000000086f00000, 0x0000000087000000|  0%| F|  |TAMS 0x0000000086f00000, 0x0000000086f00000| Untracked 
| 112|0x0000000087000000, 0x0000000087000000, 0x0000000087100000|  0%| F|  |TAMS 0x0000000087000000, 0x0000000087000000| Untracked 
| 113|0x0000000087100000, 0x0000000087100000, 0x0000000087200000|  0%| F|  |TAMS 0x0000000087100000, 0x0000000087100000| Untracked 
| 114|0x0000000087200000, 0x0000000087200000, 0x0000000087300000|  0%| F|  |TAMS 0x0000000087200000, 0x0000000087200000| Untracked 
| 115|0x0000000087300000, 0x0000000087300000, 0x0000000087400000|  0%| F|  |TAMS 0x0000000087300000, 0x0000000087300000| Untracked 
| 116|0x0000000087400000, 0x0000000087400000, 0x0000000087500000|  0%| F|  |TAMS 0x0000000087400000, 0x0000000087400000| Untracked 
| 117|0x0000000087500000, 0x0000000087500000, 0x0000000087600000|  0%| F|  |TAMS 0x0000000087500000, 0x0000000087500000| Untracked 
| 118|0x0000000087600000, 0x0000000087600000, 0x0000000087700000|  0%| F|  |TAMS 0x0000000087600000, 0x0000000087600000| Untracked 
| 119|0x0000000087700000, 0x0000000087700000, 0x0000000087800000|  0%| F|  |TAMS 0x0000000087700000, 0x0000000087700000| Untracked 
| 120|0x0000000087800000, 0x0000000087881010, 0x0000000087900000| 50%| E|  |TAMS 0x0000000087800000, 0x0000000087800000| Complete 
| 121|0x0000000087900000, 0x0000000087a00000, 0x0000000087a00000|100%| E|CS|TAMS 0x0000000087900000, 0x0000000087900000| Complete 
| 279|0x0000000091700000, 0x0000000091800000, 0x0000000091800000|100%| E|CS|TAMS 0x0000000091700000, 0x0000000091700000| Complete 
| 383|0x0000000097f00000, 0x0000000098000000, 0x0000000098000000|100%| E|CS|TAMS 0x0000000097f00000, 0x0000000097f00000| Complete 

Card table byte_map: [0x0000029127c10000,0x0000029128010000] _byte_map_base: 0x0000029127810000

Marking Bits (Prev, Next): (CMBitMap*) 0x00000291104ed480, (CMBitMap*) 0x00000291104ed440
 Prev Bits: [0x000002912a410000, 0x000002912c410000)
 Next Bits: [0x0000029128410000, 0x000002912a410000)

Polling page: 0x000002910e3e0000

Metaspace:

Usage:
  Non-class:     33.56 MB used.
      Class:      5.39 MB used.
       Both:     38.95 MB used.

Virtual space:
  Non-class space:       40.00 MB reserved,      33.81 MB ( 85%) committed,  5 nodes.
      Class space:        1.00 GB reserved,       5.56 MB ( <1%) committed,  1 nodes.
             Both:        1.04 GB reserved,      39.38 MB (  4%) committed. 

Chunk freelists:
   Non-Class:  2.09 MB
       Class:  2.38 MB
        Both:  4.48 MB

MaxMetaspaceSize: unlimited
CompressedClassSpaceSize: 1.00 GB
Initial GC threshold: 21.00 MB
Current GC threshold: 65.44 MB
CDS: on
MetaspaceReclaimPolicy: balanced
 - commit_granule_bytes: 65536.
 - commit_granule_words: 8192.
 - virtual_space_node_default_size: 1048576.
 - enlarge_chunks_in_place: 1.
 - new_chunks_are_fully_committed: 0.
 - uncommit_free_chunks: 1.
 - use_allocation_guard: 0.
 - handle_deallocations: 1.


Internal statistics:

num_allocs_failed_limit: 9.
num_arena_births: 454.
num_arena_deaths: 0.
num_vsnodes_births: 6.
num_vsnodes_deaths: 0.
num_space_committed: 630.
num_space_uncommitted: 0.
num_chunks_returned_to_freelist: 9.
num_chunks_taken_from_freelist: 1938.
num_chunk_merges: 9.
num_chunk_splits: 1309.
num_chunks_enlarged: 910.
num_purges: 0.
num_inconsistent_stats: 0.

CodeHeap 'non-profiled nmethods': size=119168Kb used=2790Kb max_used=2790Kb free=116377Kb
 bounds [0x000002911fb30000, 0x000002911fdf0000, 0x0000029126f90000]
CodeHeap 'profiled nmethods': size=119104Kb used=9989Kb max_used=9989Kb free=109114Kb
 bounds [0x0000029117f90000, 0x0000029118960000, 0x000002911f3e0000]
CodeHeap 'non-nmethods': size=7488Kb used=3998Kb max_used=4048Kb free=3489Kb
 bounds [0x000002911f3e0000, 0x000002911f7e0000, 0x000002911fb30000]
 total_blobs=5482 nmethods=4660 adapters=731
 compilation: enabled
              stopped_count=0, restarted_count=0
 full_count=0

Compilation events (20 events):
Event: 4.342 Thread 0x00000291306e2920 nmethod 4627 0x0000029118945610 code [0x0000029118945a00, 0x0000029118947298]
Event: 4.342 Thread 0x000002912ee9e300 4631       3       java.lang.invoke.ClassSpecializer$Factory$1Var::emitVarInstruction (73 bytes)
Event: 4.342 Thread 0x000002912f59c350 4632       3       java.lang.invoke.ClassSpecializer$Factory::typeLoadOp (102 bytes)
Event: 4.343 Thread 0x000002912f59c350 nmethod 4632 0x0000029118947c10 code [0x0000029118947e60, 0x00000291189486f8]
Event: 4.343 Thread 0x000002912ee9e300 nmethod 4631 0x0000029118948990 code [0x0000029118948c20, 0x0000029118949558]
Event: 4.343 Thread 0x000002912f59c350 4634       3       java.lang.invoke.MemberName::<init> (26 bytes)
Event: 4.343 Thread 0x000002912ee9e300 4635       3       java.lang.invoke.MethodHandles$Lookup::resolveOrFail (47 bytes)
Event: 4.343 Thread 0x000002912f59c350 nmethod 4634 0x0000029118949910 code [0x0000029118949ae0, 0x0000029118949d08]
Event: 4.344 Thread 0x000002912ee9e300 nmethod 4635 0x0000029118949e10 code [0x000002911894a060, 0x000002911894a828]
Event: 4.344 Thread 0x000002912f59c350 4636       3       java.lang.invoke.BoundMethodHandle$Specializer$Factory::chooseFieldName (25 bytes)
Event: 4.344 Thread 0x000002912ee9e300 4637       3       java.lang.invoke.ClassSpecializer$Factory::chooseFieldName (33 bytes)
Event: 4.344 Thread 0x0000029130ab8570 4638       3       java.lang.invoke.ClassSpecializer::classSig (94 bytes)
Event: 4.344 Thread 0x000002912ee9e300 nmethod 4637 0x000002911894ab90 code [0x000002911894ae00, 0x000002911894b5f8]
Event: 4.345 Thread 0x000002912f59c350 nmethod 4636 0x000002911894b990 code [0x000002911894bc60, 0x000002911894c758]
Event: 4.345 Thread 0x0000029130ab8570 nmethod 4638 0x000002911894cc10 code [0x000002911894ce40, 0x000002911894d458]
Event: 4.345 Thread 0x000002912f59c350 4640       3       java.lang.invoke.MethodHandles$Lookup::checkField (58 bytes)
Event: 4.345 Thread 0x000002912ee9e300 4641       3       java.lang.invoke.DirectMethodHandle::make (21 bytes)
Event: 4.346 Thread 0x000002912ee9d550 4642       4       java.util.Arrays::copyOf (40 bytes)
Event: 4.346 Thread 0x000002912ee9e300 nmethod 4641 0x000002911894d690 code [0x000002911894d840, 0x000002911894da28]
Event: 4.346 Thread 0x000002912f59c350 nmethod 4640 0x000002911894db10 code [0x000002911894dd00, 0x000002911894e178]

GC Heap History (16 events):
Event: 0.465 GC heap before
{Heap before GC invocations=0 (full 0):
 garbage-first heap   total 393216K, used 26624K [0x0000000080000000, 0x0000000100000000)
  region size 1024K, 23 young (23552K), 0 survivors (0K)
 Metaspace       used 3047K, committed 3200K, reserved 1056768K
  class space    used 381K, committed 448K, reserved 1048576K
}
Event: 0.469 GC heap after
{Heap after GC invocations=1 (full 0):
 garbage-first heap   total 393216K, used 10406K [0x0000000080000000, 0x0000000100000000)
  region size 1024K, 3 young (3072K), 3 survivors (3072K)
 Metaspace       used 3047K, committed 3200K, reserved 1056768K
  class space    used 381K, committed 448K, reserved 1048576K
}
Event: 0.785 GC heap before
{Heap before GC invocations=1 (full 0):
 garbage-first heap   total 393216K, used 40102K [0x0000000080000000, 0x0000000100000000)
  region size 1024K, 31 young (31744K), 3 survivors (3072K)
 Metaspace       used 3983K, committed 4160K, reserved 1056768K
  class space    used 477K, committed 576K, reserved 1048576K
}
Event: 0.788 GC heap after
{Heap after GC invocations=2 (full 0):
 garbage-first heap   total 393216K, used 13514K [0x0000000080000000, 0x0000000100000000)
  region size 1024K, 3 young (3072K), 3 survivors (3072K)
 Metaspace       used 3983K, committed 4160K, reserved 1056768K
  class space    used 477K, committed 576K, reserved 1048576K
}
Event: 2.478 GC heap before
{Heap before GC invocations=2 (full 0):
 garbage-first heap   total 393216K, used 115914K [0x0000000080000000, 0x0000000100000000)
  region size 1024K, 104 young (106496K), 3 survivors (3072K)
 Metaspace       used 21244K, committed 21504K, reserved 1073152K
  class space    used 3150K, committed 3264K, reserved 1048576K
}
Event: 2.485 GC heap after
{Heap after GC invocations=3 (full 0):
 garbage-first heap   total 393216K, used 22009K [0x0000000080000000, 0x0000000100000000)
  region size 1024K, 12 young (12288K), 12 survivors (12288K)
 Metaspace       used 21244K, committed 21504K, reserved 1073152K
  class space    used 3150K, committed 3264K, reserved 1048576K
}
Event: 3.103 GC heap before
{Heap before GC invocations=4 (full 0):
 garbage-first heap   total 81920K, used 57849K [0x0000000080000000, 0x0000000100000000)
  region size 1024K, 48 young (49152K), 12 survivors (12288K)
 Metaspace       used 28842K, committed 29248K, reserved 1081344K
  class space    used 4127K, committed 4352K, reserved 1048576K
}
Event: 3.111 GC heap after
{Heap after GC invocations=5 (full 0):
 garbage-first heap   total 81920K, used 26004K [0x0000000080000000, 0x0000000100000000)
  region size 1024K, 5 young (5120K), 5 survivors (5120K)
 Metaspace       used 28842K, committed 29248K, reserved 1081344K
  class space    used 4127K, committed 4352K, reserved 1048576K
}
Event: 3.416 GC heap before
{Heap before GC invocations=5 (full 0):
 garbage-first heap   total 81920K, used 59796K [0x0000000080000000, 0x0000000100000000)
  region size 1024K, 36 young (36864K), 5 survivors (5120K)
 Metaspace       used 31535K, committed 31936K, reserved 1081344K
  class space    used 4351K, committed 4544K, reserved 1048576K
}
Event: 3.420 GC heap after
{Heap after GC invocations=6 (full 0):
 garbage-first heap   total 81920K, used 29497K [0x0000000080000000, 0x0000000100000000)
  region size 1024K, 4 young (4096K), 4 survivors (4096K)
 Metaspace       used 31535K, committed 31936K, reserved 1081344K
  class space    used 4351K, committed 4544K, reserved 1048576K
}
Event: 3.818 GC heap before
{Heap before GC invocations=6 (full 0):
 garbage-first heap   total 81920K, used 60217K [0x0000000080000000, 0x0000000100000000)
  region size 1024K, 34 young (34816K), 4 survivors (4096K)
 Metaspace       used 34134K, committed 34496K, reserved 1081344K
  class space    used 4739K, committed 4928K, reserved 1048576K
}
Event: 3.821 GC heap after
{Heap after GC invocations=7 (full 0):
 garbage-first heap   total 81920K, used 32184K [0x0000000080000000, 0x0000000100000000)
  region size 1024K, 4 young (4096K), 4 survivors (4096K)
 Metaspace       used 34134K, committed 34496K, reserved 1081344K
  class space    used 4739K, committed 4928K, reserved 1048576K
}
Event: 3.948 GC heap before
{Heap before GC invocations=7 (full 0):
 garbage-first heap   total 81920K, used 42424K [0x0000000080000000, 0x0000000100000000)
  region size 1024K, 15 young (15360K), 4 survivors (4096K)
 Metaspace       used 35729K, committed 36096K, reserved 1081344K
  class space    used 4946K, committed 5120K, reserved 1048576K
}
Event: 3.950 GC heap after
{Heap after GC invocations=8 (full 0):
 garbage-first heap   total 81920K, used 34099K [0x0000000080000000, 0x0000000100000000)
  region size 1024K, 1 young (1024K), 1 survivors (1024K)
 Metaspace       used 35729K, committed 36096K, reserved 1081344K
  class space    used 4946K, committed 5120K, reserved 1048576K
}
Event: 4.328 GC heap before
{Heap before GC invocations=9 (full 0):
 garbage-first heap   total 81920K, used 62771K [0x0000000080000000, 0x0000000100000000)
  region size 1024K, 29 young (29696K), 1 survivors (1024K)
 Metaspace       used 39641K, committed 40064K, reserved 1089536K
  class space    used 5480K, committed 5696K, reserved 1048576K
}
Event: 4.330 GC heap after
{Heap after GC invocations=10 (full 0):
 garbage-first heap   total 237568K, used 34066K [0x0000000080000000, 0x0000000100000000)
  region size 1024K, 2 young (2048K), 2 survivors (2048K)
 Metaspace       used 39641K, committed 40064K, reserved 1089536K
  class space    used 5480K, committed 5696K, reserved 1048576K
}

Dll operation events (12 events):
Event: 0.004 Loaded shared library C:\Users\Ivan\.jdks\corretto-17.0.6\bin\java.dll
Event: 0.012 Loaded shared library C:\Users\Ivan\.jdks\corretto-17.0.6\bin\jsvml.dll
Event: 0.057 Loaded shared library C:\Users\Ivan\.jdks\corretto-17.0.6\bin\net.dll
Event: 0.058 Loaded shared library C:\Users\Ivan\.jdks\corretto-17.0.6\bin\nio.dll
Event: 0.062 Loaded shared library C:\Users\Ivan\.jdks\corretto-17.0.6\bin\zip.dll
Event: 0.202 Loaded shared library C:\Users\Ivan\.jdks\corretto-17.0.6\bin\jimage.dll
Event: 0.249 Loaded shared library C:\Users\Ivan\.jdks\corretto-17.0.6\bin\verify.dll
Event: 0.368 Loaded shared library C:\Users\Ivan\.gradle\native\68d5fa5c4cc2d200863cafc0d521ce42e7d3e7ee720ec0a83991735586a16f82\windows-amd64\native-platform.dll
Event: 0.377 Loaded shared library C:\Users\Ivan\.gradle\native\e376f236ea51e6404a007f0833ffe2c6e607c4080706a723a18a27aeea778392\windows-amd64\native-platform-file-events.dll
Event: 0.955 Loaded shared library C:\Users\Ivan\.jdks\corretto-17.0.6\bin\management.dll
Event: 0.958 Loaded shared library C:\Users\Ivan\.jdks\corretto-17.0.6\bin\management_ext.dll
Event: 1.263 Loaded shared library C:\Users\Ivan\.jdks\corretto-17.0.6\bin\sunmscapi.dll

Deoptimization events (20 events):
Event: 4.081 Thread 0x0000029131964c70 Uncommon trap: trap_request=0xffffff45 fr.pc=0x000002911fb91ae4 relative=0x00000000000001c4
Event: 4.081 Thread 0x0000029131964c70 Uncommon trap: reason=unstable_if action=reinterpret pc=0x000002911fb91ae4 method=java.net.URI$Parser.scan(IILjava/lang/String;)I @ 26 c2
Event: 4.081 Thread 0x0000029131964c70 DEOPT PACKING pc=0x000002911fb91ae4 sp=0x000000adcdaf8a00
Event: 4.081 Thread 0x0000029131964c70 DEOPT UNPACKING pc=0x000002911f4369a3 sp=0x000000adcdaf8990 mode 2
Event: 4.081 Thread 0x0000029131964c70 Uncommon trap: trap_request=0xffffff45 fr.pc=0x000002911fb8a8b4 relative=0x0000000000000114
Event: 4.081 Thread 0x0000029131964c70 Uncommon trap: reason=unstable_if action=reinterpret pc=0x000002911fb8a8b4 method=java.net.URI.match(CJJ)Z @ 45 c2
Event: 4.081 Thread 0x0000029131964c70 DEOPT PACKING pc=0x000002911fb8a8b4 sp=0x000000adcdaf8770
Event: 4.081 Thread 0x0000029131964c70 DEOPT UNPACKING pc=0x000002911f4369a3 sp=0x000000adcdaf86a8 mode 2
Event: 4.081 Thread 0x0000029131964c70 Uncommon trap: trap_request=0xffffff45 fr.pc=0x000002911fb51cc8 relative=0x0000000000000048
Event: 4.081 Thread 0x0000029131964c70 Uncommon trap: reason=unstable_if action=reinterpret pc=0x000002911fb51cc8 method=java.net.URI.match(CJJ)Z @ 19 c2
Event: 4.081 Thread 0x0000029131964c70 DEOPT PACKING pc=0x000002911fb51cc8 sp=0x000000adcdaf8780
Event: 4.081 Thread 0x0000029131964c70 DEOPT UNPACKING pc=0x000002911f4369a3 sp=0x000000adcdaf8730 mode 2
Event: 4.287 Thread 0x0000029131964c70 Uncommon trap: trap_request=0xffffff45 fr.pc=0x000002911fb8c384 relative=0x00000000000001e4
Event: 4.287 Thread 0x0000029131964c70 Uncommon trap: reason=unstable_if action=reinterpret pc=0x000002911fb8c384 method=java.net.URI$Parser.scan(IILjava/lang/String;)I @ 26 c2
Event: 4.287 Thread 0x0000029131964c70 DEOPT PACKING pc=0x000002911fb8c384 sp=0x000000adcdaf8500
Event: 4.287 Thread 0x0000029131964c70 DEOPT UNPACKING pc=0x000002911f4369a3 sp=0x000000adcdaf84b0 mode 2
Event: 4.333 Thread 0x0000029131964c70 Uncommon trap: trap_request=0xffffff45 fr.pc=0x000002911fc4cdfc relative=0x000000000000749c
Event: 4.333 Thread 0x0000029131964c70 Uncommon trap: reason=unstable_if action=reinterpret pc=0x000002911fc4cdfc method=jdk.internal.org.objectweb.asm.Frame.execute(IILjdk/internal/org/objectweb/asm/Symbol;Ljdk/internal/org/objectweb/asm/SymbolTable;)V @ 1 c2
Event: 4.333 Thread 0x0000029131964c70 DEOPT PACKING pc=0x000002911fc4cdfc sp=0x000000adcdaf7680
Event: 4.333 Thread 0x0000029131964c70 DEOPT UNPACKING pc=0x000002911f4369a3 sp=0x000000adcdaf7638 mode 2

Classes unloaded (0 events):
No events

Classes redefined (0 events):
No events

Internal exceptions (20 events):
Event: 4.003 Thread 0x0000029131964c70 Exception <a 'java/lang/ClassNotFoundException'{0x000000009168ad88}: org/gradle/plugin/use/internal/PluginRequestCollector$PluginDependenciesSpecImplBeanInfo> (0x000000009168ad88) 
thrown [s\src\hotspot\share\classfile\systemDictionary.cpp, line 256]
Event: 4.004 Thread 0x0000029131964c70 Exception <a 'java/lang/ClassNotFoundException'{0x000000009169b488}: org/gradle/plugin/use/internal/PluginRequestCollector$PluginDependenciesSpecImplCustomizer> (0x000000009169b488) 
thrown [s\src\hotspot\share\classfile\systemDictionary.cpp, line 256]
Event: 4.008 Thread 0x0000029131964c70 Exception <a 'java/lang/ClassNotFoundException'{0x00000000916d98f0}: org/gradle/plugin/use/internal/PluginRequestCollector$PluginDependencySpecImplBeanInfo> (0x00000000916d98f0) 
thrown [s\src\hotspot\share\classfile\systemDictionary.cpp, line 256]
Event: 4.008 Thread 0x0000029131964c70 Exception <a 'java/lang/ClassNotFoundException'{0x00000000916ea2b0}: org/gradle/plugin/use/internal/PluginRequestCollector$PluginDependencySpecImplCustomizer> (0x00000000916ea2b0) 
thrown [s\src\hotspot\share\classfile\systemDictionary.cpp, line 256]
Event: 4.111 Thread 0x0000029131964c70 Exception <a 'java/lang/NoSuchMethodError'{0x0000000090e11dc0}: 'java.lang.Object java.lang.invoke.DirectMethodHandle$Holder.newInvokeSpecial(java.lang.Object, int, java.lang.Object)'> (0x0000000090e11dc0) 
thrown [s\src\hotspot\share\interpreter\linkResolver.cpp, line 759]
Event: 4.249 Thread 0x0000029131964c70 Exception <a 'java/lang/NoSuchMethodError'{0x000000008387acc0}: 'int java.lang.invoke.DirectMethodHandle$Holder.invokeStatic(java.lang.Object)'> (0x000000008387acc0) 
thrown [s\src\hotspot\share\interpreter\linkResolver.cpp, line 759]
Event: 4.249 Thread 0x0000029131964c70 Exception <a 'java/lang/NoSuchMethodError'{0x000000008387f0b0}: 'int java.lang.invoke.DirectMethodHandle$Holder.invokeStaticInit(java.lang.Object)'> (0x000000008387f0b0) 
thrown [s\src\hotspot\share\interpreter\linkResolver.cpp, line 759]
Event: 4.256 Thread 0x0000029131964c70 Exception <a 'java/lang/NoSuchMethodError'{0x00000000838f17c0}: 'java.lang.Object java.lang.invoke.DirectMethodHandle$Holder.newInvokeSpecial(java.lang.Object, java.lang.Object, java.lang.Object, java.lang.Object, java.lang.Object, int)'> (0x00000000838f17c0) 
thrown [s\src\hotspot\share\interpreter\linkResolver.cpp, line 759]
Event: 4.256 Thread 0x0000029131964c70 Exception <a 'java/lang/NoSuchMethodError'{0x00000000838f6b70}: 'java.lang.Object java.lang.invoke.DirectMethodHandle$Holder.invokeSpecial(java.lang.Object, java.lang.Object, java.lang.Object, java.lang.Object, java.lang.Object, java.lang.Object, int)'> (0x00000000838f6b70) 
thrown [s\src\hotspot\share\interpreter\linkResolver.cpp, line 759]
Event: 4.268 Thread 0x0000029131964c70 Exception <a 'java/lang/NoSuchMethodError'{0x00000000837d29e8}: 'void java.lang.invoke.DirectMethodHandle$Holder.invokeStatic(java.lang.Object, java.lang.Object, java.lang.Object, int, java.lang.Object)'> (0x00000000837d29e8) 
thrown [s\src\hotspot\share\interpreter\linkResolver.cpp, line 759]
Event: 4.323 Thread 0x0000029131964c70 Exception <a 'java/lang/NoSuchMethodError'{0x000000008339eaf8}: 'java.lang.Object java.lang.invoke.DelegatingMethodHandle$Holder.reinvoke_L(java.lang.Object, java.lang.Object, java.lang.Object, java.lang.Object, java.lang.Object, java.lang.Object, java.lang.Object, java.lang.Object, java.lang.Object, java.lang.Object, java.lang.Object, java.lang.Object, java.lang.Object, java.lang.Object, java.lang.Object, java.lang.Object, java.lang.Object, java.lang.Object, java.lang.Object, java.lang.Object, java.lang.O
Event: 4.324 Thread 0x0000029131964c70 Exception <a 'java/lang/NoSuchMethodError'{0x00000000833aa818}: 'java.lang.Object java.lang.invoke.Invokers$Holder.invoker(java.lang.Object, java.lang.Object, java.lang.Object, java.lang.Object, java.lang.Object, java.lang.Object, java.lang.Object, java.lang.Object, java.lang.Object, java.lang.Object, java.lang.Object, java.lang.Object, java.lang.Object, java.lang.Object, java.lang.Object, java.lang.Object, java.lang.Object, java.lang.Object, java.lang.Object, java.lang.Object, java.lang.Object)'> (0x00000
Event: 4.324 Thread 0x0000029131964c70 Exception <a 'java/lang/NoSuchMethodError'{0x00000000833b17a0}: 'java.lang.Object java.lang.invoke.DelegatingMethodHandle$Holder.delegate(java.lang.Object, java.lang.Object, java.lang.Object, java.lang.Object, java.lang.Object, java.lang.Object, java.lang.Object, java.lang.Object, java.lang.Object, java.lang.Object, java.lang.Object, java.lang.Object, java.lang.Object, java.lang.Object, java.lang.Object, java.lang.Object, java.lang.Object, java.lang.Object, java.lang.Object, java.lang.Object, java.lang.Obj
Event: 4.334 Thread 0x0000029131964c70 Exception <a 'java/lang/NoSuchMethodError'{0x0000000097f33ef8}: 'java.lang.Object java.lang.invoke.DirectMethodHandle$Holder.invokeStatic(java.lang.Object, java.lang.Object, java.lang.Object, java.lang.Object, java.lang.Object, java.lang.Object, java.lang.Object, java.lang.Object, java.lang.Object, java.lang.Object, java.lang.Object, java.lang.Object, java.lang.Object, java.lang.Object, java.lang.Object, java.lang.Object, java.lang.Object)'> (0x0000000097f33ef8) 
thrown [s\src\hotspot\share\interpreter\lin
Event: 4.336 Thread 0x0000029131964c70 Exception <a 'java/lang/NoSuchMethodError'{0x0000000097f5c068}: 'java.lang.Object java.lang.invoke.DirectMethodHandle$Holder.invokeStatic(java.lang.Object, java.lang.Object, java.lang.Object, java.lang.Object, java.lang.Object, java.lang.Object, java.lang.Object, java.lang.Object, java.lang.Object, java.lang.Object, java.lang.Object, java.lang.Object, java.lang.Object, java.lang.Object, java.lang.Object, java.lang.Object, java.lang.Object, java.lang.Object)'> (0x0000000097f5c068) 
thrown [s\src\hotspot\sha
Event: 4.338 Thread 0x0000029131964c70 Exception <a 'java/lang/NoSuchMethodError'{0x0000000097f85a60}: 'java.lang.Object java.lang.invoke.DirectMethodHandle$Holder.invokeStatic(java.lang.Object, java.lang.Object, java.lang.Object, java.lang.Object, java.lang.Object, java.lang.Object, java.lang.Object, java.lang.Object, java.lang.Object, java.lang.Object, java.lang.Object, java.lang.Object, java.lang.Object, java.lang.Object, java.lang.Object, java.lang.Object, java.lang.Object, java.lang.Object, java.lang.Object)'> (0x0000000097f85a60) 
thrown 
Event: 4.341 Thread 0x0000029131964c70 Exception <a 'java/lang/NoSuchMethodError'{0x0000000097faf8b8}: 'java.lang.Object java.lang.invoke.DirectMethodHandle$Holder.invokeStatic(java.lang.Object, java.lang.Object, java.lang.Object, java.lang.Object, java.lang.Object, java.lang.Object, java.lang.Object, java.lang.Object, java.lang.Object, java.lang.Object, java.lang.Object, java.lang.Object, java.lang.Object, java.lang.Object, java.lang.Object, java.lang.Object, java.lang.Object, java.lang.Object, java.lang.Object, java.lang.Object)'> (0x00000000
Event: 4.343 Thread 0x0000029131964c70 Exception <a 'java/lang/NoSuchMethodError'{0x0000000097fda770}: 'java.lang.Object java.lang.invoke.DirectMethodHandle$Holder.invokeStatic(java.lang.Object, java.lang.Object, java.lang.Object, java.lang.Object, java.lang.Object, java.lang.Object, java.lang.Object, java.lang.Object, java.lang.Object, java.lang.Object, java.lang.Object, java.lang.Object, java.lang.Object, java.lang.Object, java.lang.Object, java.lang.Object, java.lang.Object, java.lang.Object, java.lang.Object, java.lang.Object, java.lang.Obj
Event: 4.345 Thread 0x0000029131964c70 Exception <a 'java/lang/NoSuchMethodError'{0x000000009176bc68}: 'java.lang.Object java.lang.invoke.DirectMethodHandle$Holder.invokeStatic(java.lang.Object, java.lang.Object, java.lang.Object, java.lang.Object, java.lang.Object, java.lang.Object, java.lang.Object, java.lang.Object, java.lang.Object, java.lang.Object, java.lang.Object, java.lang.Object, java.lang.Object, java.lang.Object, java.lang.Object, java.lang.Object, java.lang.Object, java.lang.Object, java.lang.Object, java.lang.Object, java.lang.Obj
Event: 4.349 Thread 0x0000029131964c70 Exception <a 'java/lang/NoSuchMethodError'{0x0000000091798f90}: 'java.lang.Object java.lang.invoke.DirectMethodHandle$Holder.invokeStatic(java.lang.Object, java.lang.Object, java.lang.Object, java.lang.Object, java.lang.Object, java.lang.Object, java.lang.Object, java.lang.Object, java.lang.Object, java.lang.Object, java.lang.Object, java.lang.Object, java.lang.Object, java.lang.Object, java.lang.Object, java.lang.Object, java.lang.Object, java.lang.Object, java.lang.Object, java.lang.Object, java.lang.Obj

VM Operations (20 events):
Event: 3.818 Executing VM operation: G1CollectForAllocation
Event: 3.821 Executing VM operation: G1CollectForAllocation done
Event: 3.875 Executing VM operation: HandshakeAllThreads
Event: 3.875 Executing VM operation: HandshakeAllThreads done
Event: 3.948 Executing VM operation: CollectForMetadataAllocation
Event: 3.950 Executing VM operation: CollectForMetadataAllocation done
Event: 3.953 Executing VM operation: CollectForMetadataAllocation
Event: 3.954 Executing VM operation: CollectForMetadataAllocation done
Event: 3.964 Executing VM operation: G1Concurrent
Event: 3.966 Executing VM operation: G1Concurrent done
Event: 3.971 Executing VM operation: G1Concurrent
Event: 3.971 Executing VM operation: G1Concurrent done
Event: 4.013 Executing VM operation: HandshakeAllThreads
Event: 4.013 Executing VM operation: HandshakeAllThreads done
Event: 4.013 Executing VM operation: HandshakeAllThreads
Event: 4.014 Executing VM operation: HandshakeAllThreads done
Event: 4.327 Executing VM operation: G1CollectForAllocation
Event: 4.331 Executing VM operation: G1CollectForAllocation done
Event: 4.346 Executing VM operation: G1Concurrent
Event: 4.348 Executing VM operation: G1Concurrent done

Events (20 events):
Event: 4.132 loading class javax/naming/InvalidNameException done
Event: 4.132 loading class java/security/cert/CertificateParsingException
Event: 4.132 loading class java/security/cert/CertificateException
Event: 4.132 loading class java/security/cert/CertificateException done
Event: 4.132 loading class java/security/cert/CertificateParsingException done
Event: 4.322 Thread 0x0000029131f7d5b0 Thread added: 0x0000029131f7d5b0
Event: 4.333 loading class java/lang/invoke/BoundMethodHandle$Species_LLLLLLLLLLLLLL
Event: 4.333 loading class java/lang/invoke/BoundMethodHandle$Species_LLLLLLLLLLLLLL done
Event: 4.335 loading class java/lang/invoke/BoundMethodHandle$Species_LLLLLLLLLLLLLLL
Event: 4.335 loading class java/lang/invoke/BoundMethodHandle$Species_LLLLLLLLLLLLLLL done
Event: 4.337 loading class java/lang/invoke/BoundMethodHandle$Species_LLLLLLLLLLLLLLLL
Event: 4.337 loading class java/lang/invoke/BoundMethodHandle$Species_LLLLLLLLLLLLLLLL done
Event: 4.340 loading class java/lang/invoke/BoundMethodHandle$Species_LLLLLLLLLLLLLLLLL
Event: 4.340 loading class java/lang/invoke/BoundMethodHandle$Species_LLLLLLLLLLLLLLLLL done
Event: 4.342 loading class java/lang/invoke/BoundMethodHandle$Species_LLLLLLLLLLLLLLLLLL
Event: 4.342 loading class java/lang/invoke/BoundMethodHandle$Species_LLLLLLLLLLLLLLLLLL done
Event: 4.344 loading class java/lang/invoke/BoundMethodHandle$Species_LLLLLLLLLLLLLLLLLLL
Event: 4.344 loading class java/lang/invoke/BoundMethodHandle$Species_LLLLLLLLLLLLLLLLLLL done
Event: 4.346 loading class java/lang/invoke/BoundMethodHandle$Species_LLLLLLLLLLLLLLLLLLLL
Event: 4.346 loading class java/lang/invoke/BoundMethodHandle$Species_LLLLLLLLLLLLLLLLLLLL done


Dynamic libraries:
0x00007ff771760000 - 0x00007ff77176d000 	C:\Users\Ivan\.jdks\corretto-17.0.6\bin\java.exe
0x00007ffd0d1d0000 - 0x00007ffd0d3c5000 	C:\Windows\SYSTEM32\ntdll.dll
0x00007ffd0ca40000 - 0x00007ffd0cafe000 	C:\Windows\System32\KERNEL32.DLL
0x00007ffd0ad80000 - 0x00007ffd0b048000 	C:\Windows\System32\KERNELBASE.dll
0x00007ffd0b050000 - 0x00007ffd0b150000 	C:\Windows\System32\ucrtbase.dll
0x00007ffcf0fb0000 - 0x00007ffcf0fc7000 	C:\Users\Ivan\.jdks\corretto-17.0.6\bin\jli.dll
0x00007ffcf1770000 - 0x00007ffcf1785000 	C:\Users\Ivan\.jdks\corretto-17.0.6\bin\VCRUNTIME140.dll
0x00007ffd0bac0000 - 0x00007ffd0bc60000 	C:\Windows\System32\USER32.dll
0x00007ffcf7c90000 - 0x00007ffcf7f2a000 	C:\Windows\WinSxS\amd64_microsoft.windows.common-controls_6595b64144ccf1df_6.0.19041.1110_none_60b5254171f9507e\COMCTL32.dll
0x00007ffd0b200000 - 0x00007ffd0b222000 	C:\Windows\System32\win32u.dll
0x00007ffd0b760000 - 0x00007ffd0b7fe000 	C:\Windows\System32\msvcrt.dll
0x00007ffd0cb00000 - 0x00007ffd0cb2a000 	C:\Windows\System32\GDI32.dll
0x00007ffd0aa30000 - 0x00007ffd0ab3b000 	C:\Windows\System32\gdi32full.dll
0x00007ffd0a8f0000 - 0x00007ffd0a98d000 	C:\Windows\System32\msvcp_win.dll
0x00007ffd0c950000 - 0x00007ffd0c980000 	C:\Windows\System32\IMM32.DLL
0x00007ffce9cb0000 - 0x00007ffce9d4b000 	C:\Users\Ivan\.jdks\corretto-17.0.6\bin\msvcp140.dll
0x00007ffcc63a0000 - 0x00007ffcc6fb8000 	C:\Users\Ivan\.jdks\corretto-17.0.6\bin\server\jvm.dll
0x00007ffd0b6b0000 - 0x00007ffd0b75e000 	C:\Windows\System32\ADVAPI32.dll
0x00007ffd0cfc0000 - 0x00007ffd0d05c000 	C:\Windows\System32\sechost.dll
0x00007ffd0c5f0000 - 0x00007ffd0c715000 	C:\Windows\System32\RPCRT4.dll
0x00007ffcf17b0000 - 0x00007ffcf17b9000 	C:\Windows\SYSTEM32\WSOCK32.dll
0x00007ffcfcac0000 - 0x00007ffcfcae7000 	C:\Windows\SYSTEM32\WINMM.dll
0x00007ffd0c7a0000 - 0x00007ffd0c80b000 	C:\Windows\System32\WS2_32.dll
0x00007ffd058d0000 - 0x00007ffd058da000 	C:\Windows\SYSTEM32\VERSION.dll
0x00007ffd087f0000 - 0x00007ffd08802000 	C:\Windows\SYSTEM32\kernel.appcore.dll
0x00007ffcf4e30000 - 0x00007ffcf4e3a000 	C:\Users\Ivan\.jdks\corretto-17.0.6\bin\jimage.dll
0x00007ffcfa540000 - 0x00007ffcfa724000 	C:\Windows\SYSTEM32\DBGHELP.DLL
0x00007ffcef9c0000 - 0x00007ffcef9ec000 	C:\Windows\SYSTEM32\dbgcore.DLL
0x00007ffd0ab90000 - 0x00007ffd0ac12000 	C:\Windows\System32\bcryptPrimitives.dll
0x00007ffcf0f20000 - 0x00007ffcf0f45000 	C:\Users\Ivan\.jdks\corretto-17.0.6\bin\java.dll
0x00007ffce9bd0000 - 0x00007ffce9ca6000 	C:\Users\Ivan\.jdks\corretto-17.0.6\bin\jsvml.dll
0x00007ffd0bdd0000 - 0x00007ffd0c514000 	C:\Windows\System32\SHELL32.dll
0x00007ffd089f0000 - 0x00007ffd09184000 	C:\Windows\SYSTEM32\windows.storage.dll
0x00007ffd0b350000 - 0x00007ffd0b6a4000 	C:\Windows\System32\combase.dll
0x00007ffd0a280000 - 0x00007ffd0a2ac000 	C:\Windows\SYSTEM32\Wldp.dll
0x00007ffd0c8a0000 - 0x00007ffd0c94d000 	C:\Windows\System32\SHCORE.dll
0x00007ffd0bd50000 - 0x00007ffd0bda5000 	C:\Windows\System32\shlwapi.dll
0x00007ffd0a830000 - 0x00007ffd0a84f000 	C:\Windows\SYSTEM32\profapi.dll
0x00007ffcf0f00000 - 0x00007ffcf0f19000 	C:\Users\Ivan\.jdks\corretto-17.0.6\bin\net.dll
0x00007ffd042c0000 - 0x00007ffd043ca000 	C:\Windows\SYSTEM32\WINHTTP.dll
0x00007ffd0a060000 - 0x00007ffd0a0ca000 	C:\Windows\system32\mswsock.dll
0x00007ffcedf60000 - 0x00007ffcedf75000 	C:\Users\Ivan\.jdks\corretto-17.0.6\bin\nio.dll
0x00007ffced690000 - 0x00007ffced6a8000 	C:\Users\Ivan\.jdks\corretto-17.0.6\bin\zip.dll
0x00007ffcf2ae0000 - 0x00007ffcf2af0000 	C:\Users\Ivan\.jdks\corretto-17.0.6\bin\verify.dll
0x00007ffcf2730000 - 0x00007ffcf2757000 	C:\Users\Ivan\.gradle\native\68d5fa5c4cc2d200863cafc0d521ce42e7d3e7ee720ec0a83991735586a16f82\windows-amd64\native-platform.dll
0x00007ffce9a80000 - 0x00007ffce9bc4000 	C:\Users\Ivan\.gradle\native\e376f236ea51e6404a007f0833ffe2c6e607c4080706a723a18a27aeea778392\windows-amd64\native-platform-file-events.dll
0x00007ffcf1760000 - 0x00007ffcf1769000 	C:\Users\Ivan\.jdks\corretto-17.0.6\bin\management.dll
0x00007ffcecc90000 - 0x00007ffcecc9b000 	C:\Users\Ivan\.jdks\corretto-17.0.6\bin\management_ext.dll
0x00007ffd0cb30000 - 0x00007ffd0cb38000 	C:\Windows\System32\PSAPI.DLL
0x00007ffd0a2c0000 - 0x00007ffd0a2d8000 	C:\Windows\SYSTEM32\CRYPTSP.dll
0x00007ffd09990000 - 0x00007ffd099c4000 	C:\Windows\system32\rsaenh.dll
0x00007ffd0a990000 - 0x00007ffd0a9b7000 	C:\Windows\System32\bcrypt.dll
0x00007ffd0a7b0000 - 0x00007ffd0a7de000 	C:\Windows\SYSTEM32\USERENV.dll
0x00007ffd0a1f0000 - 0x00007ffd0a1fc000 	C:\Windows\SYSTEM32\CRYPTBASE.dll
0x00007ffd09d20000 - 0x00007ffd09d5b000 	C:\Windows\SYSTEM32\IPHLPAPI.DLL
0x00007ffd0bc60000 - 0x00007ffd0bc68000 	C:\Windows\System32\NSI.dll
0x00007ffd05870000 - 0x00007ffd05887000 	C:\Windows\SYSTEM32\dhcpcsvc6.DLL
0x00007ffd05670000 - 0x00007ffd0568d000 	C:\Windows\SYSTEM32\dhcpcsvc.DLL
0x00007ffd09d70000 - 0x00007ffd09e3b000 	C:\Windows\SYSTEM32\DNSAPI.dll
0x00007ffce9980000 - 0x00007ffce998e000 	C:\Users\Ivan\.jdks\corretto-17.0.6\bin\sunmscapi.dll
0x00007ffd0ac20000 - 0x00007ffd0ad76000 	C:\Windows\System32\CRYPT32.dll
0x00007ffd0a3d0000 - 0x00007ffd0a3f7000 	C:\Windows\SYSTEM32\ncrypt.dll
0x00007ffd0a390000 - 0x00007ffd0a3cb000 	C:\Windows\SYSTEM32\NTASN1.dll
0x00007ffcf0d00000 - 0x00007ffcf0d07000 	C:\Windows\system32\wshunix.dll

dbghelp: loaded successfully - version: 4.0.5 - missing functions: none
symbol engine: initialized successfully - sym options: 0x614 - pdb path: .;C:\Users\Ivan\.jdks\corretto-17.0.6\bin;C:\Windows\SYSTEM32;C:\Windows\WinSxS\amd64_microsoft.windows.common-controls_6595b64144ccf1df_6.0.19041.1110_none_60b5254171f9507e;C:\Users\Ivan\.jdks\corretto-17.0.6\bin\server;C:\Users\Ivan\.gradle\native\68d5fa5c4cc2d200863cafc0d521ce42e7d3e7ee720ec0a83991735586a16f82\windows-amd64;C:\Users\Ivan\.gradle\native\e376f236ea51e6404a007f0833ffe2c6e607c4080706a723a18a27aeea778392\windows-amd64

VM Arguments:
jvm_args: --add-opens=java.base/java.util=ALL-UNNAMED --add-opens=java.base/java.lang=ALL-UNNAMED --add-opens=java.base/java.lang.invoke=ALL-UNNAMED --add-opens=java.prefs/java.util.prefs=ALL-UNNAMED --add-opens=java.base/java.nio.charset=ALL-UNNAMED --add-opens=java.base/java.net=ALL-UNNAMED --add-opens=java.base/java.util.concurrent.atomic=ALL-UNNAMED -Xmx2048m -Dfile.encoding=UTF-8 -Duser.country=US -Duser.language=en -Duser.variant 
java_command: org.gradle.launcher.daemon.bootstrap.GradleDaemon 8.0
java_class_path (initial): C:\Users\Ivan\.gradle\wrapper\dists\gradle-8.0-bin\ca5e32bp14vu59qr306oxotwh\gradle-8.0\lib\gradle-launcher-8.0.jar
Launcher Type: SUN_STANDARD

[Global flags]
     intx CICompilerCount                          = 12                                        {product} {ergonomic}
     uint ConcGCThreads                            = 3                                         {product} {ergonomic}
     uint G1ConcRefinementThreads                  = 13                                        {product} {ergonomic}
   size_t G1HeapRegionSize                         = 1048576                                   {product} {ergonomic}
    uintx GCDrainStackTargetSize                   = 64                                        {product} {ergonomic}
   size_t InitialHeapSize                          = 402653184                                 {product} {ergonomic}
   size_t MarkStackSize                            = 4194304                                   {product} {ergonomic}
   size_t MaxHeapSize                              = 2147483648                                {product} {command line}
   size_t MaxNewSize                               = 1287651328                                {product} {ergonomic}
   size_t MinHeapDeltaBytes                        = 1048576                                   {product} {ergonomic}
   size_t MinHeapSize                              = 8388608                                   {product} {ergonomic}
    uintx NonNMethodCodeHeapSize                   = 7602480                                {pd product} {ergonomic}
    uintx NonProfiledCodeHeapSize                  = 122027880                              {pd product} {ergonomic}
    uintx ProfiledCodeHeapSize                     = 122027880                              {pd product} {ergonomic}
    uintx ReservedCodeCacheSize                    = 251658240                              {pd product} {ergonomic}
     bool SegmentedCodeCache                       = true                                      {product} {ergonomic}
   size_t SoftMaxHeapSize                          = 2147483648                             {manageable} {ergonomic}
     bool UseCompressedClassPointers               = true                           {product lp64_product} {ergonomic}
     bool UseCompressedOops                        = true                           {product lp64_product} {ergonomic}
     bool UseG1GC                                  = true                                      {product} {ergonomic}
     bool UseLargePagesIndividualAllocation        = false                                  {pd product} {ergonomic}

Logging:
Log output configuration:
 #0: stdout all=warning uptime,level,tags
 #1: stderr all=off uptime,level,tags

Environment Variables:
JAVA_HOME=C:\Users\Ivan\.jdks\azul-17.0.5
PATH=C:\Program Files (x86)\VMware\VMware Workstation\bin\;C:\Program Files (x86)\NVIDIA Corporation\PhysX\Common;C:\Program Files\Microsoft\jdk-11.0.12.7-hotspot\bin;C:\Program Files\Amazon Corretto\jdk11.0.16_8\bin;C:\Windows\system32;C:\Windows;C:\Windows\System32\Wbem;C:\Windows\System32\WindowsPowerShell\v1.0\;C:\Windows\System32\OpenSSH\;C:\Program Files (x86)\Common Files\Acronis\SnapAPI\;C:\Program Files (x86)\Windows Kits\8.1\Windows Performance Toolkit\;C:\Users\Ivan\AppData\Local\Android\Sdk\platform-tools;C:\Program Files\Git\cmd;C:\Program Files\SEGGER\JLink;C:\Program Files\dotnet\;C:\Program Files\Microsoft SQL Server\Client SDK\ODBC\170\Tools\Binn\;C:\Program Files\Android Game Development Extension\bin\;C:\Program Files (x86)\GtkSharp\2.12\bin;C:\Users\Ivan\AppData\Local\Programs\Python\Python310\Scripts\;C:\Users\Ivan\AppData\Local\Programs\Python\Python310\;C:\Users\Ivan\AppData\Local\Microsoft\WindowsApps;C:\Users\Ivan\.dotnet\tools;C:\Users\Ivan\AppData\Local\Android\Sdk\platform-tools;C:\Program Files\JetBrains\IntelliJ IDEA 2021.3\bin;C:\Users\Ivan\AppData\Local\gitkraken\bin;C:\Program Files\SEGGER\JLink;;C:\Program Files\JetBrains\IntelliJ IDEA 2022.1.3\bin;;C:\Program Files\JetBrains\GoLand 2022.2.2\bin;;C:\Program Files\heroku\bin;C:\Users\Ivan\.dotnet\tools;C:\Users\Ivan\AppData\Local\Programs\Microsoft VS Code\bin;C:\Users\Ivan\go\bin;C:\Program Files\Common Files\Apple\Mobile Device Support\;C:\Program Files (x86)\Common Files\Apple\Apple Application Support;C:\Users\Ivan\AppData\Local\Programs\Python\Python310\Scripts\;C:\Users\Ivan\AppData\Local\Programs\Python\Python310\;C:\Users\Ivan\AppData\Local\Microsoft\WindowsApps;C:\Users\Ivan\.dotnet\tools;C:\Users\Ivan\AppData\Local\Android\Sdk\platform-tools;C:\Program Files\JetBrains\IntelliJ IDEA 2021.3\bin;C:\Users\Ivan\AppData\Local\gitkraken\bin;C:\Program Files\SEGGER\JLink;;C:\Program Files\JetBrains\IntelliJ IDEA 2022.1.3\bin;;C:\Program Files\JetBrains\GoLand 2022.2.2\bin;;C:\Program 
USERNAME=Ivan
OS=Windows_NT
PROCESSOR_IDENTIFIER=AMD64 Family 23 Model 1 Stepping 1, AuthenticAMD
TMP=C:\Users\Ivan\AppData\Local\Temp
TEMP=C:\Users\Ivan\AppData\Local\Temp



---------------  S Y S T E M  ---------------

OS:
 Windows 10 , 64 bit Build 19041 (10.0.19041.1566)
OS uptime: 0 days 0:24 hours
Hyper-V role detected

CPU: total 16 (initial active 16) (16 cores per cpu, 2 threads per core) family 23 model 1 stepping 1 microcode 0x0, cx8, cmov, fxsr, ht, mmx, 3dnowpref, sse, sse2, sse3, ssse3, sse4a, sse4.1, sse4.2, popcnt, lzcnt, tsc, tscinvbit, avx, avx2, aes, clmul, bmi1, bmi2, adx, sha, fma, vzeroupper, clflush, clflushopt, hv

Memory: 4k page, system-wide physical 24499M (14705M free)
TotalPageFile size 26035M (AvailPageFile size 14422M)
current process WorkingSet (physical memory assigned to process): 256M, peak: 263M
current process commit charge ("private bytes"): 466M, peak: 596M

vm_info: OpenJDK 64-Bit Server VM (17.0.6+10-LTS) for windows-amd64 JRE (17.0.6+10-LTS), built on Jan 13 2023 22:57:04 by "Administrator" with MS VC++ 15.9 (VS2017)

END.
